Entering '.vim/2btested/VimCompletesMe'
  origin/HEAD -> origin/master
  origin/master
Entering '.vim/2btested/ansible-vim'
  origin/HEAD -> origin/master
  origin/master
  origin/v2
Entering '.vim/2btested/asyncomplete'
  origin/HEAD -> origin/master
  origin/lua
  origin/master
Entering '.vim/2btested/asyncomplete-lsp'
  origin/HEAD -> origin/master
  origin/error_message
  origin/master
Entering '.vim/2btested/csv'
  origin/HEAD -> origin/master
  origin/avg
  origin/improved_arrangecol
  origin/master
Entering '.vim/2btested/ctrlp'
  origin/HEAD -> origin/master
  origin/core-types
  origin/correct-window
  origin/extensions
  origin/fix-138
  origin/fix-416
  origin/fix-421
  origin/fix-587
  origin/fix-broken-highlight-for-undo
  origin/fix-buf-matching-by-fname
  origin/fix-getextvar
  origin/fix-switch_buffer
  origin/fix314
  origin/fix438
  origin/gh-pages
  origin/master
  origin/matcher-color
  origin/readdir
  origin/unescape-path
Entering '.vim/2btested/ctrlp-funky'
  origin/HEAD -> origin/main
  origin/add-project-search-mode
  origin/add-unit-tests
  origin/add-vim9
  origin/feature/rg
  origin/main
  origin/master
  origin/topic/rg
Entering '.vim/2btested/delimitMate'
  origin/HEAD -> origin/master
  origin/master
  origin/rewrite
Entering '.vim/2btested/indentLine'
  origin/HEAD -> origin/master
  origin/master
Entering '.vim/2btested/nerdcommenter'
  origin/HEAD -> origin/master
  origin/doc-overhaul
  origin/houl-autoload-backup
  origin/master
Entering '.vim/2btested/nerdtree'
  origin/HEAD -> origin/master
  origin/master
Entering '.vim/2btested/nerdtree-project-plugin'
  origin/HEAD -> origin/master
  origin/master
Entering '.vim/2btested/onestatus'
  origin/HEAD -> origin/master
  origin/develop
  origin/master
Entering '.vim/2btested/rainbow'
  origin/HEAD -> origin/master
  origin/demo
  origin/develop
  origin/fix-js-dft
  origin/master
Entering '.vim/2btested/rope'
  origin/HEAD -> origin/master
  origin/lieryan-add-repr-to-objects
  origin/lieryan-ignore-unknown-encoding-declaration
  origin/lieryan-implicit-super
  origin/master
  origin/move-relative-import-bug
  origin/python2
  origin/release/0.21
Entering '.vim/2btested/tagbar'
  origin/70fix
  origin/HEAD -> origin/master
  origin/gh-pages
  origin/master
Entering '.vim/2btested/taglist'
  origin/HEAD -> origin/master
  origin/master
Entering '.vim/2btested/targets'
  origin/110-wip
  origin/150-wip
  origin/234-temp
  origin/HEAD -> origin/master
  origin/master
  origin/visual-repeat
Entering '.vim/2btested/tmuxline'
  origin/HEAD -> origin/master
  origin/master
  origin/readme-update
Entering '.vim/2btested/traces'
  origin/HEAD -> origin/master
  origin/master
  origin/subvert
Entering '.vim/2btested/ttags_vim'
  origin/HEAD -> origin/master
  origin/master
Entering '.vim/2btested/undotree'
  origin/HEAD -> origin/master
  origin/fix_diffmark
  origin/master
  origin/search
Entering '.vim/2btested/vim-ExtractMatches'
  origin/HEAD -> origin/master
  origin/master
  origin/stable
Entering '.vim/2btested/vim-OnSyntaxChange'
  origin/HEAD -> origin/master
  origin/master
  origin/stable
Entering '.vim/2btested/vim-abolish'
  origin/HEAD -> origin/master
  origin/master
Entering '.vim/2btested/vim-asterisk'
  origin/HEAD -> origin/master
  origin/fix-selection-handling
  origin/jump-to-first-much-with-sharp-in-visual-mode
  origin/master
Entering '.vim/2btested/vim-characterize'
  origin/HEAD -> origin/master
  origin/master
Entering '.vim/2btested/vim-commentary'
  origin/HEAD -> origin/master
  origin/master
Entering '.vim/2btested/vim-dadbod'
  origin/HEAD -> origin/master
  origin/db-object
  origin/master
  origin/sqlserver
Entering '.vim/2btested/vim-diff-enhanced'
  origin/HEAD -> origin/master
  origin/master
Entering '.vim/2btested/vim-dirvish'
  origin/HEAD -> origin/master
  origin/master
Entering '.vim/2btested/vim-dispatch'
  origin/HEAD -> origin/master
  origin/abort
  origin/fifo
  origin/job
  origin/master
  origin/quickfix-cd
  origin/repeat-last
  origin/reuse-terminal
  origin/win32
  origin/x11-make
Entering '.vim/2btested/vim-docker-tools'
  origin/HEAD -> origin/master
  origin/master
Entering '.vim/2btested/vim-easytags'
  origin/HEAD -> origin/master
  origin/master
Entering '.vim/2btested/vim-gitgutter'
  origin/HEAD -> origin/master
  origin/master
Entering '.vim/2btested/vim-gutentags'
  origin/HEAD -> origin/master
  origin/master
  origin/vim7
Entering '.vim/2btested/vim-indent-rainbow'
  origin/HEAD -> origin/main
  origin/main
Entering '.vim/2btested/vim-ingo-library'
  origin/HEAD -> origin/master
  origin/develop
  origin/master
  origin/stable
Entering '.vim/2btested/vim-jsbeautify'
  origin/HEAD -> origin/master
  origin/dependabot/npm_and_yarn/ajv-6.12.6
  origin/dependabot/npm_and_yarn/grunt-1.3.0
  origin/dependabot/npm_and_yarn/path-parse-1.0.7
  origin/dev
  origin/gh-pages
  origin/issue-103
  origin/issue-47
  origin/issue-51
  origin/issue-76
  origin/issues-55
  origin/master
Entering '.vim/2btested/vim-lion'
  origin/HEAD -> origin/master
  origin/master
Entering '.vim/2btested/vim-lsp-ale'
  origin/HEAD -> origin/master
  origin/master
Entering '.vim/2btested/vim-lsp-settings'
  origin/HEAD -> origin/master
  origin/add-sqls
  origin/angular
  origin/fix-177
  origin/fix-deno
  origin/fix-yaml
  origin/glslls
  origin/ijaas
  origin/json-languageserver-2
  origin/master
  origin/templ
  origin/update-servers
  origin/vscode-langservers-extracted
  origin/zeta-note
Entering '.vim/2btested/vim-markify'
  origin/HEAD -> origin/master
  origin/master
Entering '.vim/2btested/vim-misc'
  origin/HEAD -> origin/master
  origin/master
Entering '.vim/2btested/vim-pythonsense'
  origin/HEAD -> origin/master
  origin/fix-counts
  origin/master
Entering '.vim/2btested/vim-qf'
  origin/HEAD -> origin/master
  origin/gh-pages
  origin/issue#17
  origin/issue#34
  origin/issue#74
  origin/master
  origin/nextrelative
  origin/nfnty-mappings
  origin/optional-cwindow
  origin/preview
  origin/refactoring-time
  origin/refactoring-time-comments
  origin/refresh
  origin/sorting
  origin/toggle-windows
Entering '.vim/2btested/vim-qlist'
  origin/HEAD -> origin/master
  origin/gh-pages
  origin/master
  origin/new-parsers
Entering '.vim/2btested/vim-rsi'
  origin/HEAD -> origin/master
  origin/master
Entering '.vim/2btested/vim-sensible'
  origin/HEAD -> origin/master
  origin/master
Entering '.vim/2btested/vim-showmarks'
  origin/HEAD -> origin/master
  origin/master
Entering '.vim/2btested/vim-signify'
  origin/HEAD -> origin/master
  origin/master
  origin/realtime
Entering '.vim/2btested/vim-sneak'
  origin/HEAD -> origin/master
  origin/fluff
  origin/master
  origin/nojump
  origin/regex
  origin/tab_next_page
  origin/vertical_scope_perf
Entering '.vim/2btested/vim-superman'
  origin/HEAD -> origin/master
  origin/master
Entering '.vim/2btested/vim-visual-multi'
  origin/HEAD -> origin/master
  origin/devel
  origin/linewise
  origin/master
  origin/recursive_motions
  origin/test
Entering '.vim/2btested/vimux'
  origin/1.0.0rc1
  origin/HEAD -> origin/master
  origin/master
Entering '.vim/2btested/yapf'
  origin/HEAD -> origin/main
  origin/fixers
  origin/main
  origin/no-split-before-dict-value
  origin/style-config
  origin/testrun-discovery
Entering '.vim/bundle/astroid'
  origin/HEAD -> origin/main
  origin/dependabot/pip/coverage-approx-eq-6.3
  origin/dependabot/pip/pre-commit-approx-eq-2.18
  origin/dependabot/pip/tbump-approx-eq-6.8.0
  origin/main
  origin/maintenance/1.6.x
  origin/maintenance/2.0.x
  origin/maintenance/2.10.x
  origin/maintenance/2.11.x
  origin/maintenance/2.2.x
  origin/maintenance/2.3.x
  origin/maintenance/2.4.x
  origin/maintenance/2.5.x
  origin/maintenance/2.9.x
  origin/revert-1366-postinit-property
Entering '.vim/bundle/async'
  origin/HEAD -> origin/master
  origin/master
Entering '.vim/bundle/autoclose'
  origin/HEAD -> origin/master
  origin/gh-pages
  origin/master
Entering '.vim/bundle/autopep8'
  origin/HEAD -> origin/master
  origin/experimental
  origin/fix-use-as-module-call-twice-with-runpy
  origin/master
  origin/tmp
  origin/v1
  origin/v2
Entering '.vim/bundle/bats.vim'
  origin/HEAD -> origin/master
  origin/ad-multiline-error-messages
  origin/master
Entering '.vim/bundle/black'
  origin/HEAD -> origin/main
  origin/blackd/lsp
  origin/configdoc
  origin/consolidate-workflows
  origin/don't-eat-comments
  origin/even-more-platforms
  origin/hello-furo
  origin/hello-nox
  origin/hello-rtd-theme
  origin/main
  origin/mypyc-support-pt2
  origin/runtime
Entering '.vim/bundle/bufexplorer'
  origin/HEAD -> origin/master
  origin/develop
  origin/master
Entering '.vim/bundle/bufferize.vim'
  origin/HEAD -> origin/main
  origin/main
  origin/master
Entering '.vim/bundle/calendar'
  origin/HEAD -> origin/master
  origin/master
Entering '.vim/bundle/gitv'
  origin/1.4
  origin/HEAD -> origin/master
  origin/dev
  origin/master
Entering '.vim/bundle/ledger'
  origin/HEAD -> origin/master
  origin/master
Entering '.vim/bundle/notes-cli'
  origin/HEAD -> origin/master
  origin/master
Entering '.vim/bundle/pathogen'
  origin/HEAD -> origin/master
  origin/master
Entering '.vim/bundle/perlomni'
  origin/HEAD -> origin/master
  origin/autoloadable
  origin/cache
  origin/comp-rule-extend
  origin/dbix
  origin/master
  origin/plack-helper
  origin/windows
Entering '.vim/bundle/pycodestyle'
  origin/HEAD -> origin/main
  origin/gh-502
  origin/gh-702
  origin/issue-319-regression
  origin/issue-334
  origin/issue-338
  origin/issue-366-regression
  origin/issue-473
  origin/issue358
  origin/main
  origin/release/1.7.x
  origin/upcoming-3.0
Entering '.vim/bundle/pydocstyle'
  origin/HEAD -> origin/master
  origin/Nurdok-patch-1
  origin/feature/config-file-docs
  origin/feature/drop-py27
  origin/feature/feature/fix-attr-error
  origin/feature/nonexistent-code-warning
  origin/feature/pipenv
  origin/feature/py27-docs
  origin/feature/six
  origin/feature/specific-python-versions
  origin/feature/th0
  origin/master
  origin/rhoog-master
Entering '.vim/bundle/pyflakes'
  origin/HEAD -> origin/master
  origin/master
Entering '.vim/bundle/pylama'
  origin/D4D3VD4V3-patch-1
  origin/HEAD -> origin/develop
  origin/develop
  origin/gh-pages
  origin/js
  origin/master
  origin/orsinium-eradicate
  origin/work
Entering '.vim/bundle/pylint'
  origin/1.9
  origin/2.4
  origin/2.5
  origin/2.6
  origin/2.7
  origin/2.8
  origin/3.0.0.alpha
  origin/HEAD -> origin/main
  origin/activate-duplicate-code
  origin/add-docstring-formatter-in-pre-commit
  origin/introduce-end-of-line-normalization
  origin/issue-1191
  origin/issue-2072
  origin/issue-3339
  origin/main
  origin/maintenance/2.13.x
  origin/per_dir_config
  origin/spelling-functional-tests
Entering '.vim/bundle/snowball_py'
  origin/HEAD -> origin/develop
  origin/develop
  origin/gitignore
  origin/master
Entering '.vim/bundle/supertab'
  origin/HEAD -> origin/master
  origin/master
  origin/supertab_tracking
Entering '.vim/bundle/tmux'
  origin/HEAD -> origin/master
  origin/master
Entering '.vim/bundle/toml'
  origin/0.9.X
  origin/HEAD -> origin/master
  origin/issue-287
  origin/master
  origin/multilinestrarray
  origin/ordered
  origin/preserve-comments
  origin/pyi
  origin/recur-obj
  origin/version
Entering '.vim/bundle/ultisnips'
  origin/00_formatting_consistentcy
  origin/00_hoist_up_folding
  origin/00_issue1057
  origin/00_plug_mappings
  origin/00_remove_underscores
  origin/00_remove_unnecessary_fold_markers
  origin/00_renames
  origin/00_try_simplfying_change_tracking
  origin/HEAD -> origin/master
  origin/issues/1327/repro
  origin/master
Entering '.vim/bundle/vim-autotag'
  origin/HEAD -> origin/master
  origin/master
Entering '.vim/bundle/vim-conflicted'
  origin/HEAD -> origin/master
  origin/cjt-branch-names
  origin/master
Entering '.vim/bundle/vim-db'
  origin/HEAD -> origin/master
  origin/db-object
  origin/master
  origin/sqlserver
Entering '.vim/bundle/vim-lsp'
  origin/HEAD -> origin/master
  origin/array-perf
  origin/client-parse
  origin/fix-completion-documentation-maxheight
  origin/fix-root_uri
  origin/get_kind_perf
  origin/improve-diagnostics-float
  origin/lua-lsp-client
  origin/master
  origin/native-lsp-client
  origin/pr1078
  origin/use-lua
Entering '.vim/bundle/vim-perl'
  origin/HEAD -> origin/dev
  origin/dev
  origin/hoelzro/perl6-folding
  origin/keywords
  origin/master
  origin/noexec
  origin/p5-corpus
  origin/p5-corpus-ng
  origin/release-prep
  origin/spike
  origin/vim-license
Entering '.vim/bundle/vim-python-pep8-indent'
  origin/HEAD -> origin/master
  origin/jedi
  origin/master
  origin/pr/34
Entering '.vim/bundle/vim-snippets'
  origin/HEAD -> origin/master
  origin/js-jasmine-clean
  origin/master
  origin/revert-529-master
Entering '.vim/bundle/vim-virtualenv'
  origin/HEAD -> origin/master
  origin/master
Entering '.vim/bundle/vimspector'
  origin/HEAD -> origin/master
  origin/adapter-inherit
  origin/breakpoints-window-use-logview-space
  origin/captor
  origin/data-breakpoints
  origin/dependabot/bundler/docs/nokogiri-1.13.4
  origin/disassembly
  origin/dismiss-popup-keypress
  origin/django
  origin/fidessa
  origin/firefox
  origin/fix-delete-moved-breakpopint
  origin/force-launch-menu
  origin/gadget-refactor
  origin/master
  origin/multiple-sessios
  origin/powershell
  origin/restart-channel
  origin/reverse-debug
  origin/save-session
  origin/save-session-manual
  origin/scroll-stack-trace
  origin/setup-guide
  origin/talc
  origin/update-cpptools
Entering '.vim/pack/active/start/helpful'
  origin/HEAD -> origin/master
  origin/master
Entering '.vim/pack/active/start/linediff'
  origin/HEAD -> origin/master
  origin/master
  origin/merge-conflicts
Entering '.vim/pack/active/start/tabular'
  origin/HEAD -> origin/master
  origin/gtabularize
  origin/master
  origin/pattern_reuse
  origin/trim_1st_field
Entering '.vim/pack/active/start/vim-endwise'
  origin/HEAD -> origin/master
  origin/make
  origin/master
Entering '.vim/pack/active/start/vim-eunuch'
  origin/HEAD -> origin/master
  origin/master
Entering '.vim/pack/active/start/vim-repeat'
  origin/HEAD -> origin/master
  origin/master
  origin/no-feedkeys
Entering '.vim/pack/active/start/vim-surround'
  origin/HEAD -> origin/master
  origin/master
Entering '.vim/pack/active/start/vim-unimpaired'
  origin/HEAD -> origin/master
  origin/master
Entering '.vim/pack/app/start/jupyter-vim'
  origin/HEAD -> origin/master
  origin/dev
  origin/master
Entering '.vim/pack/app/start/vim-fake'
  origin/HEAD -> origin/master
  origin/master
Entering '.vim/pack/app/start/vim-fugitive'
  origin/HEAD -> origin/master
  origin/blame_color
  origin/blame_message
  origin/buffer_path
  origin/copied
  origin/difftool
  origin/double-status
  origin/extensions-worktree-config
  origin/http_github_fi
  origin/master
  origin/nested/test
  origin/parallel-status
  origin/symlink
  origin/worktree
Entering '.vim/pack/app/start/vim-healthcheck'
  origin/HEAD -> origin/master
  origin/master
Entering '.vim/pack/app/start/vim-man'
  origin/HEAD -> origin/master
  origin/master
Entering '.vim/pack/app/start/vimwiki'
  origin/HEAD -> origin/master
  origin/configurable_list_syms
  origin/custom_html_win
  origin/dev
  origin/markdown_globalext
  origin/master
  origin/path-handling
  origin/refactor-internal-state-handling
Entering '.vim/pack/drchip/start/align'
  origin/HEAD -> origin/master
  origin/master
Entering '.vim/pack/drchip/start/ansiesc'
  origin/HEAD -> origin/master
  origin/master
Entering '.vim/pack/drchip/start/autoalign'
  origin/HEAD -> origin/master
  origin/master
Entering '.vim/pack/linter/start/mccabe'
  origin/HEAD -> origin/master
  origin/bug/39
  origin/master
Entering '.vim/pack/linter/start/vim-flake8'
  origin/HEAD -> origin/master
  origin/master
  origin/nicwest-remove-cmd-settings
Entering '.vim/pack/linter/start/vim-lint'
  origin/HEAD -> origin/master
  origin/master
Entering '.vim/pack/linter/start/vim-sleuth'
  origin/HEAD -> origin/master
  origin/master
Entering '.vim/pack/syntax/start/MatchTag'
  origin/HEAD -> origin/master
  origin/master
Entering '.vim/pack/syntax/start/SimpylFold'
  origin/HEAD -> origin/master
  origin/fix_82
  origin/master
Entering '.vim/pack/syntax/start/apiblueprint'
  origin/HEAD -> origin/master
  origin/master
Entering '.vim/pack/syntax/start/awk'
  origin/HEAD -> origin/master
  origin/master
Entering '.vim/pack/syntax/start/jq'
  origin/HEAD -> origin/master
  origin/master
Entering '.vim/pack/syntax/start/nginx'
  origin/HEAD -> origin/master
  origin/master
Entering '.vim/pack/syntax/start/spacehi'
  origin/HEAD -> origin/main
  origin/main
Entering '.vim/pack/syntax/start/vim-colorschemes'
  origin/HEAD -> origin/master
  origin/master
  origin/prep
Entering '.vim/pack/syntax/start/vim-irssi-syntax'
  origin/HEAD -> origin/master
  origin/master
Entering '.vim/pack/syntax/start/vim-yaml'
  origin/HEAD -> origin/master
  origin/master
Entering '.vim/pack/test/start/FastFold'
  origin/HEAD -> origin/master
  origin/master
Entering '.vim/pack/test/start/ale'
  origin/HEAD -> origin/master
  origin/master
  origin/v1.0.x
  origin/v1.1.x
  origin/v1.2.x
  origin/v1.3.x
  origin/v1.4.x
  origin/v1.5.x
  origin/v1.6.x
  origin/v1.7.x
  origin/v1.8.x
  origin/v1.9.x
  origin/v2.0.x
  origin/v2.1.x
  origin/v2.2.x
  origin/v2.3.x
  origin/v2.4.x
  origin/v2.5.x
  origin/v2.6.x
  origin/v2.7.x
  origin/v3.0.x
  origin/v3.1.x
  origin/v3.2.x
Entering '.vim/pack/test/start/vim-devicons'
  origin/0.10.0
  origin/0.11.0
  origin/0.3.4
  origin/0.4.0
  origin/0.4.1
  origin/0.4.3
  origin/0.4.4
  origin/0.5.0
  origin/0.5.1
  origin/0.5.2
  origin/0.5.3
  origin/0.5.4
  origin/0.6.0
  origin/0.6.1
  origin/0.7.0
  origin/0.7.1
  origin/0.8.0
  origin/0.8.1
  origin/0.8.2
  origin/0.8.3
  origin/0.8.4
  origin/0.8.4-readme
  origin/0.8.5
  origin/0.8.6
  origin/0.9.0
  origin/0.9.1
  origin/0.9.2
  origin/0.9.3
  origin/1.0.0
  origin/HEAD -> origin/master
  origin/folder-file-alignment
  origin/issue_pr_templates
  origin/master
  origin/readme
  origin/travis_ci
Entering '.vim/pack/test/start/vim-jdaddy'
  origin/HEAD -> origin/master
  origin/master
Entering '.vim/pack/test/start/vim-markdown'
  origin/HEAD -> origin/master
  origin/marc-hartstein
  origin/master
Entering '.vim/pack/test/start/vim-speeddating'
  origin/HEAD -> origin/master
  origin/delegate
  origin/master
